<?xml version="1.0" encoding="UTF-8"?>
<!-- Generated by org.testng.reporters.JUnitReportReporter -->
<testsuite hostname="701c147f568c511" failures="0" tests="2" name="com.ust.test.NewTest" time="0.009" errors="0" timestamp="2023-03-30T16:29:05 IST" skipped="0">
  <testcase classname="com.ust.test.NewTest" name="f" time="0.007"/>
  <system-out/>
  <testcase classname="com.ust.test.NewTest" name="a" time="0.002"/>
  <system-out/>
</testsuite> <!-- com.ust.test.NewTest -->
