<?xml version="1.0" encoding="UTF-8"?>
<!-- Generated by org.testng.reporters.JUnitReportReporter -->
<testsuite hostname="701c147f568c511" failures="0" tests="1" name="com.ust.test.FirstTest" time="12.684" errors="0" timestamp="2023-03-30T16:39:29 IST" skipped="0">
  <testcase classname="com.ust.test.FirstTest" name="TestGoogle" time="12.684"/>
  <system-out/>
</testsuite> <!-- com.ust.test.FirstTest -->
